* using log directory ‘/Users/jeanpauphilet/Library/CloudStorage/Dropbox-LBS/Jean Pauphilet/Work/1 - Research/msPCA - dev/msPCA/msPCA.Rcheck’
* using R version 4.4.3 (2025-02-28)
* using platform: aarch64-apple-darwin20
* R was compiled by
    Apple clang version 14.0.0 (clang-1400.0.29.202)
    GNU Fortran (GCC) 12.2.0
* running under: macOS Sonoma 14.8.5
* using session charset: UTF-8
* using option ‘--as-cran’
* checking for file ‘msPCA/DESCRIPTION’ ... OK
* checking extension type ... Package
* this is package ‘msPCA’ version ‘0.3.0’
* package encoding: UTF-8
* checking CRAN incoming feasibility ... Note_to_CRAN_maintainers
Maintainer: ‘Jean Pauphilet <jpauphilet@london.edu>’
* checking package namespace information ... OK
* checking package dependencies ... OK
* checking if this is a source package ... OK
* checking if there is a namespace ... OK
* checking for executable files ... OK
* checking for hidden files and directories ... OK
* checking for portable file names ... OK
* checking for sufficient/correct file permissions ... OK
* checking serialization versions ... OK
* checking whether package ‘msPCA’ can be installed ... OK
* used C++ compiler: ‘Apple clang version 16.0.0 (clang-1600.0.26.6)’
* used SDK: ‘MacOSX15.2.sdk’
* checking C++ specification ... OK
  Not all R platforms support C++17
* checking installed package size ... OK
* checking package directory ... OK
* checking for future file timestamps ... NOTE
unable to verify current time
* checking DESCRIPTION meta-information ... OK
* checking top-level files ... NOTE
Files ‘README.md’ or ‘NEWS.md’ cannot be checked without ‘pandoc’ being installed.
* checking for left-over files ... OK
* checking index information ... OK
* checking package subdirectories ... OK
* checking code files for non-ASCII characters ... OK
* checking R files for syntax errors ... OK
* checking whether the package can be loaded ... OK
* checking whether the package can be loaded with stated dependencies ... OK
* checking whether the package can be unloaded cleanly ... OK
* checking whether the namespace can be loaded with stated dependencies ... OK
* checking whether the namespace can be unloaded cleanly ... OK
* checking loading without being on the library search path ... OK
* checking use of S3 registration ... OK
* checking dependencies in R code ... OK
* checking S3 generic/method consistency ... OK
* checking replacement functions ... OK
* checking foreign function calls ... OK
* checking R code for possible problems ... OK
* checking Rd files ... OK
* checking Rd metadata ... OK
* checking Rd line widths ... OK
* checking Rd cross-references ... OK
* checking for missing documentation entries ... OK
* checking for code/documentation mismatches ... OK
* checking Rd \usage sections ... OK
* checking Rd contents ... OK
* checking for unstated dependencies in examples ... OK
* checking line endings in C/C++/Fortran sources/headers ... OK
* checking line endings in Makefiles ... OK
* checking compilation flags in Makevars ... OK
* checking for GNU extensions in Makefiles ... OK
* checking for portable use of $(BLAS_LIBS) and $(LAPACK_LIBS) ... OK
* checking use of PKG_*FLAGS in Makefiles ... OK
* checking use of SHLIB_OPENMP_*FLAGS in Makefiles ... OK
* checking pragmas in C/C++ headers and code ... OK
* checking compilation flags used ... OK
* checking compiled code ... OK
* checking examples ... OK
* checking PDF version of manual ... OK
* checking HTML version of manual ... NOTE
Found the following HTML validation problems:
fraction_variance_explained.html:15:44 (fraction_variance_explained.Rd:5): Error: <main> is not recognized!
fraction_variance_explained.html:15:44 (fraction_variance_explained.Rd:5): Warning: discarding unexpected <main>
fraction_variance_explained.html:61:1 (fraction_variance_explained.Rd:24): Warning: discarding unexpected </main>
fraction_variance_explained.html:4:1 (fraction_variance_explained.Rd:5): Warning: <link> inserting "type" attribute
fraction_variance_explained.html:12:1 (fraction_variance_explained.Rd:5): Warning: <script> proprietary attribute "onload"
fraction_variance_explained.html:12:1 (fraction_variance_explained.Rd:5): Warning: <script> inserting "type" attribute
fraction_variance_explained.html:17:1 (fraction_variance_explained.Rd:5): Warning: <table> lacks "summary" attribute
fraction_variance_explained.html:35:1 (fraction_variance_explained.Rd:10): Warning: <table> lacks "summary" attribute
fraction_variance_explained_perPC.html:15:44 (fraction_variance_explained_perPC.Rd:5): Error: <main> is not recognized!
fraction_variance_explained_perPC.html:15:44 (fraction_variance_explained_perPC.Rd:5): Warning: discarding unexpected <main>
fraction_variance_explained_perPC.html:52:1 (fraction_variance_explained_perPC.Rd:15): Warning: discarding unexpected </main>
fraction_variance_explained_perPC.html:4:1 (fraction_variance_explained_perPC.Rd:5): Warning: <link> inserting "type" attribute
fraction_variance_explained_perPC.html:12:1 (fraction_variance_explained_perPC.Rd:5): Warning: <script> proprietary attribute "onload"
fraction_variance_explained_perPC.html:12:1 (fraction_variance_explained_perPC.Rd:5): Warning: <script> inserting "type" attribute
fraction_variance_explained_perPC.html:17:1 (fraction_variance_explained_perPC.Rd:5): Warning: <table> lacks "summary" attribute
fraction_variance_explained_perPC.html:35:1 (fraction_variance_explained_perPC.Rd:10): Warning: <table> lacks "summary" attribute
mspca.html:15:44 (mspca.Rd:5): Error: <main> is not recognized!
mspca.html:15:44 (mspca.Rd:5): Warning: discarding unexpected <main>
mspca.html:108:1 (mspca.Rd:53): Warning: discarding unexpected </main>
mspca.html:4:1 (mspca.Rd:5): Warning: <link> inserting "type" attribute
mspca.html:12:1 (mspca.Rd:5): Warning: <script> proprietary attribute "onload"
mspca.html:12:1 (mspca.Rd:5): Warning: <script> inserting "type" attribute
mspca.html:17:1 (mspca.Rd:5): Warning: <table> lacks "summary" attribute
mspca.html:47:1 (mspca.Rd:22): Warning: <table> lacks "summary" attribute
orthogonality_violation.html:15:44 (orthogonality_violation.Rd:5): Error: <main> is not recognized!
orthogonality_violation.html:15:44 (orthogonality_violation.Rd:5): Warning: discarding unexpected <main>
orthogonality_violation.html:57:1 (orthogonality_violation.Rd:22): Warning: discarding unexpected </main>
orthogonality_violation.html:4:1 (orthogonality_violation.Rd:5): Warning: <link> inserting "type" attribute
orthogonality_violation.html:12:1 (orthogonality_violation.Rd:5): Warning: <script> proprietary attribute "onload"
orthogonality_violation.html:12:1 (orthogonality_violation.Rd:5): Warning: <script> inserting "type" attribute
orthogonality_violation.html:17:1 (orthogonality_violation.Rd:5): Warning: <table> lacks "summary" attribute
orthogonality_violation.html:35:1 (orthogonality_violation.Rd:10): Warning: <table> lacks "summary" attribute
pairwise_correlation.html:15:44 (pairwise_correlation.Rd:5): Error: <main> is not recognized!
pairwise_correlation.html:15:44 (pairwise_correlation.Rd:5): Warning: discarding unexpected <main>
pairwise_correlation.html:61:1 (pairwise_correlation.Rd:24): Warning: discarding unexpected </main>
pairwise_correlation.html:4:1 (pairwise_correlation.Rd:5): Warning: <link> inserting "type" attribute
pairwise_correlation.html:12:1 (pairwise_correlation.Rd:5): Warning: <script> proprietary attribute "onload"
pairwise_correlation.html:12:1 (pairwise_correlation.Rd:5): Warning: <script> inserting "type" attribute
pairwise_correlation.html:17:1 (pairwise_correlation.Rd:5): Warning: <table> lacks "summary" attribute
pairwise_correlation.html:35:1 (pairwise_correlation.Rd:10): Warning: <table> lacks "summary" attribute
print_mspca.html:15:44 (print_mspca.Rd:5): Error: <main> is not recognized!
print_mspca.html:15:44 (print_mspca.Rd:5): Warning: discarding unexpected <main>
print_mspca.html:61:1 (print_mspca.Rd:24): Warning: discarding unexpected </main>
print_mspca.html:4:1 (print_mspca.Rd:5): Warning: <link> inserting "type" attribute
print_mspca.html:12:1 (print_mspca.Rd:5): Warning: <script> proprietary attribute "onload"
print_mspca.html:12:1 (print_mspca.Rd:5): Warning: <script> inserting "type" attribute
print_mspca.html:17:1 (print_mspca.Rd:5): Warning: <table> lacks "summary" attribute
print_mspca.html:35:1 (print_mspca.Rd:10): Warning: <table> lacks "summary" attribute
tpm.html:15:44 (tpm.Rd:5): Error: <main> is not recognized!
tpm.html:15:44 (tpm.Rd:5): Warning: discarding unexpected <main>
tpm.html:78:1 (tpm.Rd:32): Warning: discarding unexpected </main>
tpm.html:4:1 (tpm.Rd:5): Warning: <link> inserting "type" attribute
tpm.html:12:1 (tpm.Rd:5): Warning: <script> proprietary attribute "onload"
tpm.html:12:1 (tpm.Rd:5): Warning: <script> inserting "type" attribute
tpm.html:17:1 (tpm.Rd:5): Warning: <table> lacks "summary" attribute
tpm.html:35:1 (tpm.Rd:10): Warning: <table> lacks "summary" attribute
variance_explained_perPC.html:15:44 (variance_explained_perPC.Rd:5): Error: <main> is not recognized!
variance_explained_perPC.html:15:44 (variance_explained_perPC.Rd:5): Warning: discarding unexpected <main>
variance_explained_perPC.html:52:1 (variance_explained_perPC.Rd:15): Warning: discarding unexpected </main>
variance_explained_perPC.html:4:1 (variance_explained_perPC.Rd:5): Warning: <link> inserting "type" attribute
variance_explained_perPC.html:12:1 (variance_explained_perPC.Rd:5): Warning: <script> proprietary attribute "onload"
variance_explained_perPC.html:12:1 (variance_explained_perPC.Rd:5): Warning: <script> inserting "type" attribute
variance_explained_perPC.html:17:1 (variance_explained_perPC.Rd:5): Warning: <table> lacks "summary" attribute
variance_explained_perPC.html:35:1 (variance_explained_perPC.Rd:10): Warning: <table> lacks "summary" attribute
Skipping checking math rendering: package 'V8' unavailable
* checking for non-standard things in the check directory ... OK
* checking for detritus in the temp directory ... OK
* DONE
Status: 3 NOTEs
